#
# There is insufficient memory for the Java Runtime Environment to continue.
# Native memory allocation (malloc) failed to allocate 459856 bytes for Chunk::new
# Possible reasons:
#   The system is out of physical RAM or swap space
#   The process is running with CompressedOops enabled, and the Java Heap may be blocking the growth of the native heap
# Possible solutions:
#   Reduce memory load on the system
#   Increase physical memory or swap space
#   Check if swap backing store is full
#   Decrease Java heap size (-Xmx/-Xms)
#   Decrease number of Java threads
#   Decrease Java thread stack sizes (-Xss)
#   Set larger code cache with -XX:ReservedCodeCacheSize=
#   JVM is running with Unscaled Compressed Oops mode in which the Java heap is
#     placed in the first 4GB address space. The Java Heap base address is the
#     maximum limit for the native heap growth. Please use -XX:HeapBaseMinAddress
#     to set the Java Heap base and to place the Java Heap above 4GB virtual address.
# This output file may be truncated or incomplete.
#
#  Out of Memory Error (src/hotspot/share/memory/arena.cpp:197), pid=14040, tid=22168
#
# JRE version: OpenJDK Runtime Environment (11.0.15) (build 11.0.15+0-b2043.56-9505619)
# Java VM: OpenJDK 64-Bit Server VM (11.0.15+0-b2043.56-9505619, mixed mode, tiered, compressed oops, g1 gc, windows-amd64)
# No core dump will be written. Minidumps are not enabled by default on client versions of Windows
#

---------------  S U M M A R Y ------------

Command Line: --add-opens=java.base/java.util=ALL-UNNAMED --add-opens=java.base/java.lang=ALL-UNNAMED --add-opens=java.base/java.lang.invoke=ALL-UNNAMED --add-opens=java.prefs/java.util.prefs=ALL-UNNAMED -Xmx1536m -Dfile.encoding=windows-1252 -Duser.country=IN -Duser.language=en -Duser.variant org.gradle.launcher.daemon.bootstrap.GradleDaemon 6.1.1

Host: AMD Ryzen 5 5500U with Radeon Graphics         , 12 cores, 5G,  Windows 11 , 64 bit Build 22621 (10.0.22621.2215)
Time: Thu Oct 12 12:23:10 2023 India Standard Time elapsed time: 2.402237 seconds (0d 0h 0m 2s)

---------------  T H R E A D  ---------------

Current thread (0x0000016d23302800):  JavaThread "C2 CompilerThread0" daemon [_thread_in_native, id=22168, stack(0x000000069a200000,0x000000069a300000)]


Current CompileTask:
C2:   2402 1843   !   4       java.lang.ClassLoader::loadClass (122 bytes)

Stack: [0x000000069a200000,0x000000069a300000]
Native frames: (J=compiled Java code, j=interpreted, Vv=VM code, C=native code)
V  [jvm.dll+0x64135a]
V  [jvm.dll+0x7d39f9]
V  [jvm.dll+0x7d51b9]
V  [jvm.dll+0x7d58a3]
V  [jvm.dll+0x2691c5]
V  [jvm.dll+0xc1a5c]
V  [jvm.dll+0xc200c]
V  [jvm.dll+0x2da2c2]
V  [jvm.dll+0x54cad9]
V  [jvm.dll+0x220c9d]
V  [jvm.dll+0x223152]
V  [jvm.dll+0x220384]
V  [jvm.dll+0x19e851]
V  [jvm.dll+0x230479]
V  [jvm.dll+0x22e5ef]
V  [jvm.dll+0x794de1]
V  [jvm.dll+0x78dc24]
V  [jvm.dll+0x6400f6]
C  [ucrtbase.dll+0x29363]
C  [KERNEL32.DLL+0x1257d]
C  [ntdll.dll+0x5aa68]


---------------  P R O C E S S  ---------------

Threads class SMR info:
_java_thread_list=0x0000016d258ef7b0, length=23, elements={
0x0000016d09cfb800, 0x0000016d232de800, 0x0000016d232e9800, 0x0000016d232fb000,
0x0000016d232fc800, 0x0000016d232fe000, 0x0000016d23302800, 0x0000016d23308000,
0x0000016d23311800, 0x0000016d23dc3000, 0x0000016d23dc7000, 0x0000016d23dc9800,
0x0000016d23dc8000, 0x0000016d23dc5800, 0x0000016d23dc6800, 0x0000016d23dc4000,
0x0000016d23dc9000, 0x0000016d23dc4800, 0x0000016d25967000, 0x0000016d25961800,
0x0000016d25966000, 0x0000016d25963000, 0x0000016d25964800
}

Java Threads: ( => current thread )
  0x0000016d09cfb800 JavaThread "main" [_thread_blocked, id=23800, stack(0x0000000699600000,0x0000000699700000)]
  0x0000016d232de800 JavaThread "Reference Handler" daemon [_thread_blocked, id=21628, stack(0x0000000699d00000,0x0000000699e00000)]
  0x0000016d232e9800 JavaThread "Finalizer" daemon [_thread_blocked, id=18828, stack(0x0000000699e00000,0x0000000699f00000)]
  0x0000016d232fb000 JavaThread "Signal Dispatcher" daemon [_thread_blocked, id=24292, stack(0x0000000699f00000,0x000000069a000000)]
  0x0000016d232fc800 JavaThread "Attach Listener" daemon [_thread_blocked, id=12604, stack(0x000000069a000000,0x000000069a100000)]
  0x0000016d232fe000 JavaThread "Service Thread" daemon [_thread_blocked, id=26056, stack(0x000000069a100000,0x000000069a200000)]
=>0x0000016d23302800 JavaThread "C2 CompilerThread0" daemon [_thread_in_native, id=22168, stack(0x000000069a200000,0x000000069a300000)]
  0x0000016d23308000 JavaThread "C1 CompilerThread0" daemon [_thread_blocked, id=14428, stack(0x000000069a300000,0x000000069a400000)]
  0x0000016d23311800 JavaThread "Sweeper thread" daemon [_thread_blocked, id=16340, stack(0x000000069a400000,0x000000069a500000)]
  0x0000016d23dc3000 JavaThread "Common-Cleaner" daemon [_thread_blocked, id=26928, stack(0x000000069a500000,0x000000069a600000)]
  0x0000016d23dc7000 JavaThread "Daemon health stats" [_thread_blocked, id=28684, stack(0x000000069a800000,0x000000069a900000)]
  0x0000016d23dc9800 JavaThread "Incoming local TCP Connector on port 64859" [_thread_in_native, id=17804, stack(0x000000069a900000,0x000000069aa00000)]
  0x0000016d23dc8000 JavaThread "Daemon periodic checks" [_thread_blocked, id=23584, stack(0x000000069aa00000,0x000000069ab00000)]
  0x0000016d23dc5800 JavaThread "Daemon" [_thread_blocked, id=30288, stack(0x000000069ab00000,0x000000069ac00000)]
  0x0000016d23dc6800 JavaThread "Handler for socket connection from /127.0.0.1:64859 to /127.0.0.1:64860" [_thread_in_native, id=30284, stack(0x000000069ac00000,0x000000069ad00000)]
  0x0000016d23dc4000 JavaThread "Cancel handler" [_thread_blocked, id=17156, stack(0x000000069ad00000,0x000000069ae00000)]
  0x0000016d23dc9000 JavaThread "Daemon worker" [_thread_in_Java, id=30280, stack(0x000000069ae00000,0x000000069af00000)]
  0x0000016d23dc4800 JavaThread "Asynchronous log dispatcher for DefaultDaemonConnection: socket connection from /127.0.0.1:64859 to /127.0.0.1:64860" [_thread_blocked, id=26672, stack(0x000000069af00000,0x000000069b000000)]
  0x0000016d25967000 JavaThread "Stdin handler" [_thread_blocked, id=26980, stack(0x000000069b000000,0x000000069b100000)]
  0x0000016d25961800 JavaThread "Thread-8" [_thread_blocked, id=25520, stack(0x000000069b100000,0x000000069b200000)]
  0x0000016d25966000 JavaThread "Cache worker for journal cache (C:\Users\mdman\.gradle\caches\journal-1)" [_thread_blocked, id=25360, stack(0x000000069bb00000,0x000000069bc00000)]
  0x0000016d25963000 JavaThread "File lock request listener" [_thread_in_native, id=21568, stack(0x000000069bc00000,0x000000069bd00000)]
  0x0000016d25964800 JavaThread "Cache worker for file hash cache (C:\Users\mdman\.gradle\caches\6.1.1\fileHashes)" [_thread_blocked, id=16576, stack(0x000000069bd00000,0x000000069be00000)]

Other Threads:
  0x0000016d232dd000 VMThread "VM Thread" [stack: 0x0000000699c00000,0x0000000699d00000] [id=23892]
  0x0000016d23ddc000 WatcherThread [stack: 0x000000069a600000,0x000000069a700000] [id=2744]
  0x0000016d09d17000 GCTaskThread "GC Thread#0" [stack: 0x0000000699700000,0x0000000699800000] [id=8256]
  0x0000016d2407e800 GCTaskThread "GC Thread#1" [stack: 0x000000069a700000,0x000000069a800000] [id=14640]
  0x0000016d24f0e800 GCTaskThread "GC Thread#2" [stack: 0x000000069b200000,0x000000069b300000] [id=416]
  0x0000016d25797800 GCTaskThread "GC Thread#3" [stack: 0x000000069b300000,0x000000069b400000] [id=24116]
  0x0000016d251e0000 GCTaskThread "GC Thread#4" [stack: 0x000000069b400000,0x000000069b500000] [id=5192]
  0x0000016d256a3800 GCTaskThread "GC Thread#5" [stack: 0x000000069b500000,0x000000069b600000] [id=19832]
  0x0000016d256a4800 GCTaskThread "GC Thread#6" [stack: 0x000000069b600000,0x000000069b700000] [id=19176]
  0x0000016d251c1000 GCTaskThread "GC Thread#7" [stack: 0x000000069b700000,0x000000069b800000] [id=17824]
  0x0000016d251f7800 GCTaskThread "GC Thread#8" [stack: 0x000000069b800000,0x000000069b900000] [id=15536]
  0x0000016d251f8000 GCTaskThread "GC Thread#9" [stack: 0x000000069b900000,0x000000069ba00000] [id=24636]
  0x0000016d09d3d800 ConcurrentGCThread "G1 Main Marker" [stack: 0x0000000699800000,0x0000000699900000] [id=3488]
  0x0000016d09d3f000 ConcurrentGCThread "G1 Conc#0" [stack: 0x0000000699900000,0x0000000699a00000] [id=29024]
  0x0000016d250ae800 ConcurrentGCThread "G1 Conc#1" [stack: 0x000000069be00000,0x000000069bf00000] [id=10032]
  0x0000016d258e1000 ConcurrentGCThread "G1 Conc#2" [stack: 0x000000069bf00000,0x000000069c000000] [id=19396]
  0x0000016d09dc3000 ConcurrentGCThread "G1 Refine#0" [stack: 0x0000000699a00000,0x0000000699b00000] [id=29772]
  0x0000016d24a59800 ConcurrentGCThread "G1 Refine#1" [stack: 0x000000069ba00000,0x000000069bb00000] [id=14768]
  0x0000016d23130800 ConcurrentGCThread "G1 Young RemSet Sampling" [stack: 0x0000000699b00000,0x0000000699c00000] [id=11276]

Threads with active compile tasks:
C2 CompilerThread0     2419 1843   !   4       java.lang.ClassLoader::loadClass (122 bytes)
C1 CompilerThread0     2419 1857       3       java.lang.invoke.MethodHandles$Lookup::<init> (15 bytes)

VM state:not at safepoint (normal execution)

VM Mutex/Monitor currently owned by a thread: None

Heap address: 0x00000000a0000000, size: 1536 MB, Compressed Oops mode: 32-bit
Narrow klass base: 0x0000000000000000, Narrow klass shift: 3
Compressed class space size: 1073741824 Address: 0x0000000100000000

Heap:
 garbage-first heap   total 96256K, used 19033K [0x00000000a0000000, 0x0000000100000000)
  region size 1024K, 6 young (6144K), 2 survivors (2048K)
 Metaspace       used 21345K, capacity 21896K, committed 22192K, reserved 1069056K
  class space    used 2566K, capacity 2751K, committed 2816K, reserved 1048576K
Heap Regions: E=young(eden), S=young(survivor), O=old, HS=humongous(starts), HC=humongous(continues), CS=collection set, F=free, A=archive, TAMS=top-at-mark-start (previous, next)
|   0|0x00000000a0000000, 0x00000000a0100000, 0x00000000a0100000|100%| O|  |TAMS 0x00000000a0100000, 0x00000000a0000000| Untracked 
|   1|0x00000000a0100000, 0x00000000a0200000, 0x00000000a0200000|100%| O|  |TAMS 0x00000000a0200000, 0x00000000a0100000| Untracked 
|   2|0x00000000a0200000, 0x00000000a0300000, 0x00000000a0300000|100%| O|  |TAMS 0x00000000a0300000, 0x00000000a0200000| Untracked 
|   3|0x00000000a0300000, 0x00000000a0400000, 0x00000000a0400000|100%|HS|  |TAMS 0x00000000a0400000, 0x00000000a0300000| Complete 
|   4|0x00000000a0400000, 0x00000000a0500000, 0x00000000a0500000|100%|HC|  |TAMS 0x00000000a0500000, 0x00000000a0400000| Complete 
|   5|0x00000000a0500000, 0x00000000a0600000, 0x00000000a0600000|100%|HC|  |TAMS 0x00000000a0600000, 0x00000000a0500000| Complete 
|   6|0x00000000a0600000, 0x00000000a0700000, 0x00000000a0700000|100%| O|  |TAMS 0x00000000a0700000, 0x00000000a0600000| Untracked 
|   7|0x00000000a0700000, 0x00000000a0800000, 0x00000000a0800000|100%| O|  |TAMS 0x00000000a0800000, 0x00000000a0700000| Untracked 
|   8|0x00000000a0800000, 0x00000000a0900000, 0x00000000a0900000|100%| O|  |TAMS 0x00000000a0900000, 0x00000000a0800000| Untracked 
|   9|0x00000000a0900000, 0x00000000a0a00000, 0x00000000a0a00000|100%| O|  |TAMS 0x00000000a0a00000, 0x00000000a0900000| Untracked 
|  10|0x00000000a0a00000, 0x00000000a0b00000, 0x00000000a0b00000|100%| O|  |TAMS 0x00000000a0b00000, 0x00000000a0a00000| Untracked 
|  11|0x00000000a0b00000, 0x00000000a0c00000, 0x00000000a0c00000|100%| O|  |TAMS 0x00000000a0c00000, 0x00000000a0b00000| Untracked 
|  12|0x00000000a0c00000, 0x00000000a0d00000, 0x00000000a0d00000|100%| O|  |TAMS 0x00000000a0d00000, 0x00000000a0c00000| Untracked 
|  13|0x00000000a0d00000, 0x00000000a0e00000, 0x00000000a0e00000|100%| O|  |TAMS 0x00000000a0e00000, 0x00000000a0d00000| Untracked 
|  14|0x00000000a0e00000, 0x00000000a0e70000, 0x00000000a0f00000| 43%| O|  |TAMS 0x00000000a0e70000, 0x00000000a0e00000| Untracked 
|  15|0x00000000a0f00000, 0x00000000a0f00000, 0x00000000a1000000|  0%| F|  |TAMS 0x00000000a0f00000, 0x00000000a0f00000| Untracked 
|  16|0x00000000a1000000, 0x00000000a1000000, 0x00000000a1100000|  0%| F|  |TAMS 0x00000000a1000000, 0x00000000a1000000| Untracked 
|  17|0x00000000a1100000, 0x00000000a1100000, 0x00000000a1200000|  0%| F|  |TAMS 0x00000000a1100000, 0x00000000a1100000| Untracked 
|  18|0x00000000a1200000, 0x00000000a1200000, 0x00000000a1300000|  0%| F|  |TAMS 0x00000000a1200000, 0x00000000a1200000| Untracked 
|  19|0x00000000a1300000, 0x00000000a1300000, 0x00000000a1400000|  0%| F|  |TAMS 0x00000000a1300000, 0x00000000a1300000| Untracked 
|  20|0x00000000a1400000, 0x00000000a1400000, 0x00000000a1500000|  0%| F|  |TAMS 0x00000000a1400000, 0x00000000a1400000| Untracked 
|  21|0x00000000a1500000, 0x00000000a1500000, 0x00000000a1600000|  0%| F|  |TAMS 0x00000000a1500000, 0x00000000a1500000| Untracked 
|  22|0x00000000a1600000, 0x00000000a1600000, 0x00000000a1700000|  0%| F|  |TAMS 0x00000000a1600000, 0x00000000a1600000| Untracked 
|  23|0x00000000a1700000, 0x00000000a1700000, 0x00000000a1800000|  0%| F|  |TAMS 0x00000000a1700000, 0x00000000a1700000| Untracked 
|  24|0x00000000a1800000, 0x00000000a1800000, 0x00000000a1900000|  0%| F|  |TAMS 0x00000000a1800000, 0x00000000a1800000| Untracked 
|  25|0x00000000a1900000, 0x00000000a1900000, 0x00000000a1a00000|  0%| F|  |TAMS 0x00000000a1900000, 0x00000000a1900000| Untracked 
|  26|0x00000000a1a00000, 0x00000000a1a00000, 0x00000000a1b00000|  0%| F|  |TAMS 0x00000000a1a00000, 0x00000000a1a00000| Untracked 
|  27|0x00000000a1b00000, 0x00000000a1b00000, 0x00000000a1c00000|  0%| F|  |TAMS 0x00000000a1b00000, 0x00000000a1b00000| Untracked 
|  28|0x00000000a1c00000, 0x00000000a1c00000, 0x00000000a1d00000|  0%| F|  |TAMS 0x00000000a1c00000, 0x00000000a1c00000| Untracked 
|  29|0x00000000a1d00000, 0x00000000a1d00000, 0x00000000a1e00000|  0%| F|  |TAMS 0x00000000a1d00000, 0x00000000a1d00000| Untracked 
|  30|0x00000000a1e00000, 0x00000000a1e00000, 0x00000000a1f00000|  0%| F|  |TAMS 0x00000000a1e00000, 0x00000000a1e00000| Untracked 
|  31|0x00000000a1f00000, 0x00000000a1f00000, 0x00000000a2000000|  0%| F|  |TAMS 0x00000000a1f00000, 0x00000000a1f00000| Untracked 
|  32|0x00000000a2000000, 0x00000000a2000000, 0x00000000a2100000|  0%| F|  |TAMS 0x00000000a2000000, 0x00000000a2000000| Untracked 
|  33|0x00000000a2100000, 0x00000000a2100000, 0x00000000a2200000|  0%| F|  |TAMS 0x00000000a2100000, 0x00000000a2100000| Untracked 
|  34|0x00000000a2200000, 0x00000000a2200000, 0x00000000a2300000|  0%| F|  |TAMS 0x00000000a2200000, 0x00000000a2200000| Untracked 
|  35|0x00000000a2300000, 0x00000000a2300000, 0x00000000a2400000|  0%| F|  |TAMS 0x00000000a2300000, 0x00000000a2300000| Untracked 
|  36|0x00000000a2400000, 0x00000000a2400000, 0x00000000a2500000|  0%| F|  |TAMS 0x00000000a2400000, 0x00000000a2400000| Untracked 
|  37|0x00000000a2500000, 0x00000000a2500000, 0x00000000a2600000|  0%| F|  |TAMS 0x00000000a2500000, 0x00000000a2500000| Untracked 
|  38|0x00000000a2600000, 0x00000000a2600000, 0x00000000a2700000|  0%| F|  |TAMS 0x00000000a2600000, 0x00000000a2600000| Untracked 
|  39|0x00000000a2700000, 0x00000000a2700000, 0x00000000a2800000|  0%| F|  |TAMS 0x00000000a2700000, 0x00000000a2700000| Untracked 
|  40|0x00000000a2800000, 0x00000000a2800000, 0x00000000a2900000|  0%| F|  |TAMS 0x00000000a2800000, 0x00000000a2800000| Untracked 
|  41|0x00000000a2900000, 0x00000000a2900000, 0x00000000a2a00000|  0%| F|  |TAMS 0x00000000a2900000, 0x00000000a2900000| Untracked 
|  42|0x00000000a2a00000, 0x00000000a2a00000, 0x00000000a2b00000|  0%| F|  |TAMS 0x00000000a2a00000, 0x00000000a2a00000| Untracked 
|  43|0x00000000a2b00000, 0x00000000a2b00000, 0x00000000a2c00000|  0%| F|  |TAMS 0x00000000a2b00000, 0x00000000a2b00000| Untracked 
|  44|0x00000000a2c00000, 0x00000000a2c00000, 0x00000000a2d00000|  0%| F|  |TAMS 0x00000000a2c00000, 0x00000000a2c00000| Untracked 
|  45|0x00000000a2d00000, 0x00000000a2d00000, 0x00000000a2e00000|  0%| F|  |TAMS 0x00000000a2d00000, 0x00000000a2d00000| Untracked 
|  46|0x00000000a2e00000, 0x00000000a2e00000, 0x00000000a2f00000|  0%| F|  |TAMS 0x00000000a2e00000, 0x00000000a2e00000| Untracked 
|  47|0x00000000a2f00000, 0x00000000a2f00000, 0x00000000a3000000|  0%| F|  |TAMS 0x00000000a2f00000, 0x00000000a2f00000| Untracked 
|  48|0x00000000a3000000, 0x00000000a3000000, 0x00000000a3100000|  0%| F|  |TAMS 0x00000000a3000000, 0x00000000a3000000| Untracked 
|  49|0x00000000a3100000, 0x00000000a3100000, 0x00000000a3200000|  0%| F|  |TAMS 0x00000000a3100000, 0x00000000a3100000| Untracked 
|  50|0x00000000a3200000, 0x00000000a3200000, 0x00000000a3300000|  0%| F|  |TAMS 0x00000000a3200000, 0x00000000a3200000| Untracked 
|  51|0x00000000a3300000, 0x00000000a3300000, 0x00000000a3400000|  0%| F|  |TAMS 0x00000000a3300000, 0x00000000a3300000| Untracked 
|  52|0x00000000a3400000, 0x00000000a3400000, 0x00000000a3500000|  0%| F|  |TAMS 0x00000000a3400000, 0x00000000a3400000| Untracked 
|  53|0x00000000a3500000, 0x00000000a3500000, 0x00000000a3600000|  0%| F|  |TAMS 0x00000000a3500000, 0x00000000a3500000| Untracked 
|  54|0x00000000a3600000, 0x00000000a3600000, 0x00000000a3700000|  0%| F|  |TAMS 0x00000000a3600000, 0x00000000a3600000| Untracked 
|  55|0x00000000a3700000, 0x00000000a3700000, 0x00000000a3800000|  0%| F|  |TAMS 0x00000000a3700000, 0x00000000a3700000| Untracked 
|  56|0x00000000a3800000, 0x00000000a3800000, 0x00000000a3900000|  0%| F|  |TAMS 0x00000000a3800000, 0x00000000a3800000| Untracked 
|  57|0x00000000a3900000, 0x00000000a3900000, 0x00000000a3a00000|  0%| F|  |TAMS 0x00000000a3900000, 0x00000000a3900000| Untracked 
|  58|0x00000000a3a00000, 0x00000000a3a00000, 0x00000000a3b00000|  0%| F|  |TAMS 0x00000000a3a00000, 0x00000000a3a00000| Untracked 
|  59|0x00000000a3b00000, 0x00000000a3b00000, 0x00000000a3c00000|  0%| F|  |TAMS 0x00000000a3b00000, 0x00000000a3b00000| Untracked 
|  60|0x00000000a3c00000, 0x00000000a3c00000, 0x00000000a3d00000|  0%| F|  |TAMS 0x00000000a3c00000, 0x00000000a3c00000| Untracked 
|  61|0x00000000a3d00000, 0x00000000a3d00000, 0x00000000a3e00000|  0%| F|  |TAMS 0x00000000a3d00000, 0x00000000a3d00000| Untracked 
|  62|0x00000000a3e00000, 0x00000000a3e00000, 0x00000000a3f00000|  0%| F|  |TAMS 0x00000000a3e00000, 0x00000000a3e00000| Untracked 
|  63|0x00000000a3f00000, 0x00000000a3f00000, 0x00000000a4000000|  0%| F|  |TAMS 0x00000000a3f00000, 0x00000000a3f00000| Untracked 
|  64|0x00000000a4000000, 0x00000000a4000000, 0x00000000a4100000|  0%| F|  |TAMS 0x00000000a4000000, 0x00000000a4000000| Untracked 
|  65|0x00000000a4100000, 0x00000000a4126798, 0x00000000a4200000| 15%| S|CS|TAMS 0x00000000a4100000, 0x00000000a4100000| Complete 
|  66|0x00000000a4200000, 0x00000000a4300000, 0x00000000a4300000|100%| S|CS|TAMS 0x00000000a4200000, 0x00000000a4200000| Complete 
|  67|0x00000000a4300000, 0x00000000a4300000, 0x00000000a4400000|  0%| F|  |TAMS 0x00000000a4300000, 0x00000000a4300000| Untracked 
|  68|0x00000000a4400000, 0x00000000a4400000, 0x00000000a4500000|  0%| F|  |TAMS 0x00000000a4400000, 0x00000000a4400000| Untracked 
|  69|0x00000000a4500000, 0x00000000a4500000, 0x00000000a4600000|  0%| F|  |TAMS 0x00000000a4500000, 0x00000000a4500000| Untracked 
|  70|0x00000000a4600000, 0x00000000a4600000, 0x00000000a4700000|  0%| F|  |TAMS 0x00000000a4600000, 0x00000000a4600000| Untracked 
|  71|0x00000000a4700000, 0x00000000a4700000, 0x00000000a4800000|  0%| F|  |TAMS 0x00000000a4700000, 0x00000000a4700000| Untracked 
|  72|0x00000000a4800000, 0x00000000a4800000, 0x00000000a4900000|  0%| F|  |TAMS 0x00000000a4800000, 0x00000000a4800000| Untracked 
|  73|0x00000000a4900000, 0x00000000a4900000, 0x00000000a4a00000|  0%| F|  |TAMS 0x00000000a4900000, 0x00000000a4900000| Untracked 
|  74|0x00000000a4a00000, 0x00000000a4a00000, 0x00000000a4b00000|  0%| F|  |TAMS 0x00000000a4a00000, 0x00000000a4a00000| Untracked 
|  75|0x00000000a4b00000, 0x00000000a4b00000, 0x00000000a4c00000|  0%| F|  |TAMS 0x00000000a4b00000, 0x00000000a4b00000| Untracked 
|  76|0x00000000a4c00000, 0x00000000a4c00000, 0x00000000a4d00000|  0%| F|  |TAMS 0x00000000a4c00000, 0x00000000a4c00000| Untracked 
|  77|0x00000000a4d00000, 0x00000000a4d00000, 0x00000000a4e00000|  0%| F|  |TAMS 0x00000000a4d00000, 0x00000000a4d00000| Untracked 
|  78|0x00000000a4e00000, 0x00000000a4e00000, 0x00000000a4f00000|  0%| F|  |TAMS 0x00000000a4e00000, 0x00000000a4e00000| Untracked 
|  79|0x00000000a4f00000, 0x00000000a4f00000, 0x00000000a5000000|  0%| F|  |TAMS 0x00000000a4f00000, 0x00000000a4f00000| Untracked 
|  80|0x00000000a5000000, 0x00000000a5000000, 0x00000000a5100000|  0%| F|  |TAMS 0x00000000a5000000, 0x00000000a5000000| Untracked 
|  81|0x00000000a5100000, 0x00000000a5100000, 0x00000000a5200000|  0%| F|  |TAMS 0x00000000a5100000, 0x00000000a5100000| Untracked 
|  82|0x00000000a5200000, 0x00000000a5200000, 0x00000000a5300000|  0%| F|  |TAMS 0x00000000a5200000, 0x00000000a5200000| Untracked 
|  83|0x00000000a5300000, 0x00000000a5300000, 0x00000000a5400000|  0%| F|  |TAMS 0x00000000a5300000, 0x00000000a5300000| Untracked 
|  84|0x00000000a5400000, 0x00000000a5400000, 0x00000000a5500000|  0%| F|  |TAMS 0x00000000a5400000, 0x00000000a5400000| Untracked 
|  85|0x00000000a5500000, 0x00000000a5500000, 0x00000000a5600000|  0%| F|  |TAMS 0x00000000a5500000, 0x00000000a5500000| Untracked 
|  86|0x00000000a5600000, 0x00000000a5600000, 0x00000000a5700000|  0%| F|  |TAMS 0x00000000a5600000, 0x00000000a5600000| Untracked 
|  87|0x00000000a5700000, 0x00000000a5700000, 0x00000000a5800000|  0%| F|  |TAMS 0x00000000a5700000, 0x00000000a5700000| Untracked 
|  88|0x00000000a5800000, 0x00000000a5800000, 0x00000000a5900000|  0%| F|  |TAMS 0x00000000a5800000, 0x00000000a5800000| Untracked 
|  89|0x00000000a5900000, 0x00000000a5900000, 0x00000000a5a00000|  0%| F|  |TAMS 0x00000000a5900000, 0x00000000a5900000| Untracked 
|  90|0x00000000a5a00000, 0x00000000a5b00000, 0x00000000a5b00000|100%| E|  |TAMS 0x00000000a5a00000, 0x00000000a5a00000| Complete 
|  91|0x00000000a5b00000, 0x00000000a5c00000, 0x00000000a5c00000|100%| E|CS|TAMS 0x00000000a5b00000, 0x00000000a5b00000| Complete 
|  92|0x00000000a5c00000, 0x00000000a5d00000, 0x00000000a5d00000|100%| E|CS|TAMS 0x00000000a5c00000, 0x00000000a5c00000| Complete 
|  93|0x00000000a5d00000, 0x00000000a5e00000, 0x00000000a5e00000|100%| E|CS|TAMS 0x00000000a5d00000, 0x00000000a5d00000| Complete 

Card table byte_map: [0x0000016d1d080000,0x0000016d1d380000] _byte_map_base: 0x0000016d1cb80000

Marking Bits (Prev, Next): (CMBitMap*) 0x0000016d09d36c60, (CMBitMap*) 0x0000016d09d36c28
 Prev Bits: [0x0000016d1ee80000, 0x0000016d20680000)
 Next Bits: [0x0000016d1d680000, 0x0000016d1ee80000)

Polling page: 0x0000016d07c60000

Metaspace:

Usage:
  Non-class:     18.70 MB capacity,    18.36 MB ( 98%) used,   312.21 KB (  2%) free+waste,    38.06 KB ( <1%) overhead. 
      Class:      2.69 MB capacity,     2.51 MB ( 93%) used,   162.91 KB (  6%) free+waste,    18.81 KB ( <1%) overhead. 
       Both:     21.39 MB capacity,    20.87 MB ( 98%) used,   475.12 KB (  2%) free+waste,    56.88 KB ( <1%) overhead. 

Virtual space:
  Non-class space:       20.00 MB reserved,      18.92 MB ( 95%) committed 
      Class space:        1.00 GB reserved,       2.75 MB ( <1%) committed 
             Both:        1.02 GB reserved,      21.67 MB (  2%) committed 

Chunk freelists:
   Non-Class:  0 bytes
       Class:  0 bytes
        Both:  0 bytes

MaxMetaspaceSize: 17179869184.00 GB
CompressedClassSpaceSize: 1.00 GB
Initial GC threshold: 20.80 MB
Current GC threshold: 35.08 MB
CDS: off

CodeHeap 'non-profiled nmethods': size=120000Kb used=803Kb max_used=803Kb free=119197Kb
 bounds [0x0000016d152f0000, 0x0000016d15560000, 0x0000016d1c820000]
CodeHeap 'profiled nmethods': size=120000Kb used=3881Kb max_used=3881Kb free=116118Kb
 bounds [0x0000016d0ddc0000, 0x0000016d0e190000, 0x0000016d152f0000]
CodeHeap 'non-nmethods': size=5760Kb used=1199Kb max_used=1206Kb free=4561Kb
 bounds [0x0000016d0d820000, 0x0000016d0da90000, 0x0000016d0ddc0000]
 total_blobs=2324 nmethods=1859 adapters=377
 compilation: enabled
              stopped_count=0, restarted_count=0
 full_count=0

Compilation events (20 events):
Event: 2.376 Thread 0x0000016d23308000 1842       3       java.lang.Class::isAnnotation (17 bytes)
Event: 2.376 Thread 0x0000016d23308000 nmethod 1842 0x0000016d0e17fb90 code [0x0000016d0e17fd40, 0x0000016d0e17fec8]
Event: 2.376 Thread 0x0000016d23308000 1844       3       org.gradle.internal.service.DefaultServiceRegistry::find (142 bytes)
Event: 2.377 Thread 0x0000016d23308000 nmethod 1844 0x0000016d0e17ff90 code [0x0000016d0e180340, 0x0000016d0e181c68]
Event: 2.379 Thread 0x0000016d23308000 1846       3       java.lang.Throwable::<init> (39 bytes)
Event: 2.379 Thread 0x0000016d23308000 nmethod 1846 0x0000016d0e182310 code [0x0000016d0e1824e0, 0x0000016d0e182908]
Event: 2.379 Thread 0x0000016d23308000 1847       1       jdk.internal.reflect.DelegatingMethodAccessorImpl::setDelegate (6 bytes)
Event: 2.379 Thread 0x0000016d23308000 nmethod 1847 0x0000016d153b7d10 code [0x0000016d153b7ec0, 0x0000016d153b7fb8]
Event: 2.380 Thread 0x0000016d23308000 1848       3       java.lang.invoke.VarHandleGuards::guard_LLL_Z (70 bytes)
Event: 2.381 Thread 0x0000016d23308000 nmethod 1848 0x0000016d0e182a10 code [0x0000016d0e182cc0, 0x0000016d0e183c68]
Event: 2.381 Thread 0x0000016d23308000 1849       3       org.gradle.internal.service.DefaultServiceRegistry$SingletonService::getService (18 bytes)
Event: 2.381 Thread 0x0000016d23308000 nmethod 1849 0x0000016d0e184190 code [0x0000016d0e184360, 0x0000016d0e184578]
Event: 2.381 Thread 0x0000016d23308000 1850       3       org.gradle.internal.service.DefaultServiceRegistry::access$1200 (6 bytes)
Event: 2.381 Thread 0x0000016d23308000 nmethod 1850 0x0000016d0e184690 code [0x0000016d0e184840, 0x0000016d0e184948]
Event: 2.381 Thread 0x0000016d23308000 1852       1       java.lang.reflect.Method::getMethodAccessor (5 bytes)
Event: 2.381 Thread 0x0000016d23308000 nmethod 1852 0x0000016d153b8310 code [0x0000016d153b84c0, 0x0000016d153b8578]
Event: 2.381 Thread 0x0000016d23308000 1853       1       jdk.internal.reflect.NativeMethodAccessorImpl::setParent (6 bytes)
Event: 2.381 Thread 0x0000016d23308000 nmethod 1853 0x0000016d153b8610 code [0x0000016d153b87c0, 0x0000016d153b88b8]
Event: 2.396 Thread 0x0000016d23308000 1854       3       java.io.ByteArrayOutputStream::grow (43 bytes)
Event: 2.396 Thread 0x0000016d23308000 nmethod 1854 0x0000016d0e184a10 code [0x0000016d0e184c20, 0x0000016d0e185238]

GC Heap History (6 events):
Event: 0.837 GC heap before
{Heap before GC invocations=0 (full 0):
 garbage-first heap   total 96256K, used 29696K [0x00000000a0000000, 0x0000000100000000)
  region size 1024K, 24 young (24576K), 0 survivors (0K)
 Metaspace       used 10788K, capacity 11010K, committed 11264K, reserved 1058816K
  class space    used 1121K, capacity 1202K, committed 1280K, reserved 1048576K
}
Event: 0.842 GC heap after
{Heap after GC invocations=1 (full 0):
 garbage-first heap   total 96256K, used 8649K [0x00000000a0000000, 0x0000000100000000)
  region size 1024K, 3 young (3072K), 3 survivors (3072K)
 Metaspace       used 10788K, capacity 11010K, committed 11264K, reserved 1058816K
  class space    used 1121K, capacity 1202K, committed 1280K, reserved 1048576K
}
Event: 1.998 GC heap before
{Heap before GC invocations=1 (full 0):
 garbage-first heap   total 96256K, used 62921K [0x00000000a0000000, 0x0000000100000000)
  region size 1024K, 56 young (57344K), 3 survivors (3072K)
 Metaspace       used 17260K, capacity 17723K, committed 17792K, reserved 1064960K
  class space    used 2002K, capacity 2143K, committed 2176K, reserved 1048576K
}
Event: 2.003 GC heap after
{Heap after GC invocations=2 (full 0):
 garbage-first heap   total 96256K, used 15032K [0x00000000a0000000, 0x0000000100000000)
  region size 1024K, 7 young (7168K), 7 survivors (7168K)
 Metaspace       used 17260K, capacity 17723K, committed 17792K, reserved 1064960K
  class space    used 2002K, capacity 2143K, committed 2176K, reserved 1048576K
}
Event: 2.349 GC heap before
{Heap before GC invocations=2 (full 0):
 garbage-first heap   total 96256K, used 40632K [0x00000000a0000000, 0x0000000100000000)
  region size 1024K, 34 young (34816K), 7 survivors (7168K)
 Metaspace       used 20765K, capacity 21193K, committed 21296K, reserved 1069056K
  class space    used 2476K, capacity 2640K, committed 2688K, reserved 1048576K
}
Event: 2.354 GC heap after
{Heap after GC invocations=3 (full 0):
 garbage-first heap   total 96256K, used 15961K [0x00000000a0000000, 0x0000000100000000)
  region size 1024K, 2 young (2048K), 2 survivors (2048K)
 Metaspace       used 20765K, capacity 21193K, committed 21296K, reserved 1069056K
  class space    used 2476K, capacity 2640K, committed 2688K, reserved 1048576K
}

Deoptimization events (20 events):
Event: 2.200 Thread 0x0000016d23dc9000 Uncommon trap: trap_request=0xffffffc6 fr.pc=0x0000016d1534309c relative=0x0000000000000e3c
Event: 2.200 Thread 0x0000016d23dc9000 Uncommon trap: reason=bimorphic_or_optimized_type_check action=maybe_recompile pc=0x0000016d1534309c method=java.util.Properties$LineReader.readLine()I @ 70 c2
Event: 2.200 Thread 0x0000016d23dc9000 DEOPT PACKING pc=0x0000016d1534309c sp=0x000000069aefc0d0
Event: 2.200 Thread 0x0000016d23dc9000 DEOPT UNPACKING pc=0x0000016d0d86a1af sp=0x000000069aefc068 mode 2
Event: 2.384 Thread 0x0000016d23dc9000 Uncommon trap: trap_request=0xffffffc6 fr.pc=0x0000016d15352da4 relative=0x0000000000000084
Event: 2.384 Thread 0x0000016d23dc9000 Uncommon trap: reason=bimorphic_or_optimized_type_check action=maybe_recompile pc=0x0000016d15352da4 method=java.util.AbstractList$Itr.hasNext()Z @ 8 c2
Event: 2.384 Thread 0x0000016d23dc9000 DEOPT PACKING pc=0x0000016d15352da4 sp=0x000000069aef9cc0
Event: 2.384 Thread 0x0000016d23dc9000 DEOPT UNPACKING pc=0x0000016d0d86a1af sp=0x000000069aef9c58 mode 2
Event: 2.384 Thread 0x0000016d23dc9000 Uncommon trap: trap_request=0xffffffc6 fr.pc=0x0000016d15353174 relative=0x0000000000000134
Event: 2.384 Thread 0x0000016d23dc9000 Uncommon trap: reason=bimorphic_or_optimized_type_check action=maybe_recompile pc=0x0000016d15353174 method=java.util.AbstractList$Itr.next()Ljava/lang/Object; @ 14 c2
Event: 2.384 Thread 0x0000016d23dc9000 DEOPT PACKING pc=0x0000016d15353174 sp=0x000000069aef9cb0
Event: 2.384 Thread 0x0000016d23dc9000 DEOPT UNPACKING pc=0x0000016d0d86a1af sp=0x000000069aef9c48 mode 2
Event: 2.384 Thread 0x0000016d23dc9000 Uncommon trap: trap_request=0xffffff4d fr.pc=0x0000016d153506e4 relative=0x00000000000005a4
Event: 2.384 Thread 0x0000016d23dc9000 Uncommon trap: reason=unstable_if action=reinterpret pc=0x0000016d153506e4 method=java.io.File.getName()Ljava/lang/String; @ 16 c2
Event: 2.384 Thread 0x0000016d23dc9000 DEOPT PACKING pc=0x0000016d153506e4 sp=0x000000069aefa7b0
Event: 2.384 Thread 0x0000016d23dc9000 DEOPT UNPACKING pc=0x0000016d0d86a1af sp=0x000000069aefa780 mode 2
Event: 2.384 Thread 0x0000016d23dc9000 Uncommon trap: trap_request=0xffffff4d fr.pc=0x0000016d1534c3ac relative=0x00000000000004ec
Event: 2.384 Thread 0x0000016d23dc9000 Uncommon trap: reason=unstable_if action=reinterpret pc=0x0000016d1534c3ac method=java.lang.String.substring(I)Ljava/lang/String; @ 34 c2
Event: 2.384 Thread 0x0000016d23dc9000 DEOPT PACKING pc=0x0000016d1534c3ac sp=0x000000069aefa730
Event: 2.384 Thread 0x0000016d23dc9000 DEOPT UNPACKING pc=0x0000016d0d86a1af sp=0x000000069aefa708 mode 2

Classes redefined (0 events):
No events

Internal exceptions (20 events):
Event: 1.564 Thread 0x0000016d09cfb800 Exception <a 'java/lang/NoSuchMethodError'{0x00000000a30787e0}: 'java.lang.Object java.lang.invoke.DirectMethodHandle$Holder.invokeStaticInit(java.lang.Object, java.lang.Object, int, int, int, int)'> (0x00000000a30787e0) thrown at [src/hotspot/share/interpreter/linkResolver.cpp, line 773]
Event: 1.794 Thread 0x0000016d09cfb800 Exception <a 'java/io/IOException'{0x00000000a2ed33c8}> (0x00000000a2ed33c8) thrown at [src/hotspot/share/prims/jni.cpp, line 617]
Event: 1.859 Thread 0x0000016d23dc6800 Exception <a 'java/lang/NoSuchMethodError'{0x00000000a2ca0970}: <clinit>> (0x00000000a2ca0970) thrown at [src/hotspot/share/prims/jni.cpp, line 1367]
Event: 1.860 Thread 0x0000016d23dc6800 Exception <a 'java/lang/NoSuchMethodError'{0x00000000a2cac240}: <clinit>> (0x00000000a2cac240) thrown at [src/hotspot/share/prims/jni.cpp, line 1367]
Event: 1.863 Thread 0x0000016d23dc6800 Exception <a 'java/lang/NoSuchMethodError'{0x00000000a2cbc150}: <clinit>> (0x00000000a2cbc150) thrown at [src/hotspot/share/prims/jni.cpp, line 1367]
Event: 1.866 Thread 0x0000016d23dc6800 Exception <a 'java/lang/NoSuchMethodError'{0x00000000a2ccded0}: <clinit>> (0x00000000a2ccded0) thrown at [src/hotspot/share/prims/jni.cpp, line 1367]
Event: 1.870 Thread 0x0000016d23dc6800 Exception <a 'java/lang/NoSuchMethodError'{0x00000000a2cf4ba8}: <clinit>> (0x00000000a2cf4ba8) thrown at [src/hotspot/share/prims/jni.cpp, line 1367]
Event: 1.872 Thread 0x0000016d23dc6800 Exception <a 'java/lang/NoSuchMethodError'{0x00000000a2b0cc30}: <clinit>> (0x00000000a2b0cc30) thrown at [src/hotspot/share/prims/jni.cpp, line 1367]
Event: 1.873 Thread 0x0000016d23dc6800 Exception <a 'java/lang/NoSuchMethodError'{0x00000000a2b165f8}: <clinit>> (0x00000000a2b165f8) thrown at [src/hotspot/share/prims/jni.cpp, line 1367]
Event: 1.875 Thread 0x0000016d23dc6800 Exception <a 'java/lang/NoSuchMethodError'{0x00000000a2b2bdb0}: <clinit>> (0x00000000a2b2bdb0) thrown at [src/hotspot/share/prims/jni.cpp, line 1367]
Event: 1.886 Thread 0x0000016d23dc6800 Exception <a 'java/lang/NoSuchMethodError'{0x00000000a2b7ba60}: <clinit>> (0x00000000a2b7ba60) thrown at [src/hotspot/share/prims/jni.cpp, line 1367]
Event: 1.891 Thread 0x0000016d23dc6800 Exception <a 'java/lang/NoSuchMethodError'{0x00000000a2ba9a60}: <clinit>> (0x00000000a2ba9a60) thrown at [src/hotspot/share/prims/jni.cpp, line 1367]
Event: 1.894 Thread 0x0000016d23dc6800 Exception <a 'java/lang/NoSuchMethodError'{0x00000000a2bd2820}: <clinit>> (0x00000000a2bd2820) thrown at [src/hotspot/share/prims/jni.cpp, line 1367]
Event: 1.894 Thread 0x0000016d23dc6800 Exception <a 'java/lang/NoSuchMethodError'{0x00000000a2bdca40}: <clinit>> (0x00000000a2bdca40) thrown at [src/hotspot/share/prims/jni.cpp, line 1367]
Event: 1.959 Thread 0x0000016d23dc9000 Exception <a 'java/lang/NoSuchMethodError'{0x00000000a2734718}: 'void java.lang.invoke.DelegatingMethodHandle$Holder.reinvoke_L(java.lang.Object, java.lang.Object, java.lang.Object, java.lang.Object)'> (0x00000000a2734718) thrown at [src/hotspot/share/interpreter/linkResolver.cpp, line 773]
Event: 1.966 Thread 0x0000016d23dc9000 Exception <a 'java/lang/NoSuchMethodError'{0x00000000a276ae18}: 'long java.lang.invoke.DirectMethodHandle$Holder.invokeInterface(java.lang.Object, java.lang.Object)'> (0x00000000a276ae18) thrown at [src/hotspot/share/interpreter/linkResolver.cpp, line 773]
Event: 1.969 Thread 0x0000016d23dc9000 Exception <a 'java/lang/NoSuchMethodError'{0x00000000a278b5c8}: 'void java.lang.invoke.DelegatingMethodHandle$Holder.reinvoke_L(java.lang.Object, java.lang.Object, java.lang.Object, java.lang.Object, java.lang.Object, java.lang.Object, java.lang.Object)'> (0x00000000a278b5c8) thrown at [src/hotspot/share/interpreter/linkResolver.cpp, line 773]
Event: 2.072 Thread 0x0000016d23dc9000 Exception <a 'java/lang/NoSuchMethodError'{0x00000000a589dea0}: 'java.lang.Object java.lang.invoke.DirectMethodHandle$Holder.invokeVirtual(java.lang.Object, java.lang.Object, java.lang.Object)'> (0x00000000a589dea0) thrown at [src/hotspot/share/interpreter/linkResolver.cpp, line 773]
Event: 2.153 Thread 0x0000016d23dc9000 Exception <a 'java/lang/NoSuchMethodError'{0x00000000a5118c30}: 'void java.lang.invoke.DirectMethodHandle$Holder.invokeStaticInit(java.lang.Object)'> (0x00000000a5118c30) thrown at [src/hotspot/share/interpreter/linkResolver.cpp, line 773]
Event: 2.346 Thread 0x0000016d23dc9000 Exception <a 'java/lang/NoSuchMethodError'{0x00000000a44c9a30}: 'java.lang.Object java.lang.invoke.DirectMethodHandle$Holder.invokeVirtual(java.lang.Object, java.lang.Object, java.lang.Object, java.lang.Object)'> (0x00000000a44c9a30) thrown at [src/hotspot/share/interpreter/linkResolver.cpp, line 773]

Events (20 events):
Event: 2.394 loading class com/google/common/io/CharSource$ConcatenatedCharSource
Event: 2.394 loading class com/google/common/io/CharSource$ConcatenatedCharSource done
Event: 2.395 loading class com/google/common/io/CharSource$EmptyCharSource
Event: 2.395 loading class com/google/common/io/CharSource$EmptyCharSource done
Event: 2.395 loading class com/google/common/io/CharSource$StringCharSource
Event: 2.395 loading class com/google/common/io/CharSource$StringCharSource done
Event: 2.395 loading class com/google/common/io/CharSource$CharSequenceCharSource
Event: 2.395 loading class com/google/common/io/CharSource$CharSequenceCharSource done
Event: 2.395 loading class com/google/common/io/CharSource$AsByteSource
Event: 2.395 loading class com/google/common/io/CharSource$AsByteSource done
Event: 2.395 loading class org/apache/commons/io/FileUtils
Event: 2.395 loading class org/apache/commons/io/FileUtils done
Event: 2.397 loading class org/apache/commons/io/filefilter/IOFileFilter
Event: 2.397 loading class org/apache/commons/io/filefilter/IOFileFilter done
Event: 2.398 loading class org/apache/commons/io/FileExistsException
Event: 2.398 loading class org/apache/commons/io/FileExistsException done
Event: 2.399 loading class java/util/zip/CheckedInputStream
Event: 2.399 loading class java/util/zip/CheckedInputStream done
Event: 2.399 loading class org/apache/commons/io/output/NullOutputStream
Event: 2.399 loading class org/apache/commons/io/output/NullOutputStream done


Dynamic libraries:
0x00007ff680cd0000 - 0x00007ff680cda000 	C:\Program Files\Android\Android Studio\jbr\bin\java.exe
0x00007ffed2010000 - 0x00007ffed2224000 	C:\WINDOWS\SYSTEM32\ntdll.dll
0x00007ffed15d0000 - 0x00007ffed1694000 	C:\WINDOWS\System32\KERNEL32.DLL
0x00007ffecf6c0000 - 0x00007ffecfa64000 	C:\WINDOWS\System32\KERNELBASE.dll
0x00007ffecf530000 - 0x00007ffecf641000 	C:\WINDOWS\System32\ucrtbase.dll
0x00007ffec48f0000 - 0x00007ffec490b000 	C:\Program Files\Android\Android Studio\jbr\bin\VCRUNTIME140.dll
0x00007ffec0150000 - 0x00007ffec0167000 	C:\Program Files\Android\Android Studio\jbr\bin\jli.dll
0x00007ffed19a0000 - 0x00007ffed1b4e000 	C:\WINDOWS\System32\USER32.dll
0x00007ffecfd70000 - 0x00007ffecfd96000 	C:\WINDOWS\System32\win32u.dll
0x00007ffed1970000 - 0x00007ffed1999000 	C:\WINDOWS\System32\GDI32.dll
0x00007ffecfc50000 - 0x00007ffecfd68000 	C:\WINDOWS\System32\gdi32full.dll
0x00007ffecfa70000 - 0x00007ffecfb0a000 	C:\WINDOWS\System32\msvcp_win.dll
0x00007ffeb4b60000 - 0x00007ffeb4df3000 	C:\WINDOWS\WinSxS\amd64_microsoft.windows.common-controls_6595b64144ccf1df_6.0.22621.2215_none_270d72677387dfc3\COMCTL32.dll
0x00007ffed1d10000 - 0x00007ffed1db7000 	C:\WINDOWS\System32\msvcrt.dll
0x00007ffed1930000 - 0x00007ffed1961000 	C:\WINDOWS\System32\IMM32.DLL
0x00007ffecbfd0000 - 0x00007ffecbfdc000 	C:\Program Files\Android\Android Studio\jbr\bin\vcruntime140_1.dll
0x00007ffe821f0000 - 0x00007ffe8227d000 	C:\Program Files\Android\Android Studio\jbr\bin\msvcp140.dll
0x00007ffe30770000 - 0x00007ffe3132c000 	C:\Program Files\Android\Android Studio\jbr\bin\server\jvm.dll
0x00007ffed1020000 - 0x00007ffed10d0000 	C:\WINDOWS\System32\ADVAPI32.dll
0x00007ffed0e10000 - 0x00007ffed0eb6000 	C:\WINDOWS\System32\sechost.dll
0x00007ffed1dc0000 - 0x00007ffed1ed7000 	C:\WINDOWS\System32\RPCRT4.dll
0x00007ffed1fb0000 - 0x00007ffed1fb8000 	C:\WINDOWS\System32\PSAPI.DLL
0x00007ffec6650000 - 0x00007ffec665a000 	C:\WINDOWS\SYSTEM32\VERSION.dll
0x00007ffec7a60000 - 0x00007ffec7a94000 	C:\WINDOWS\SYSTEM32\WINMM.dll
0x00007ffecc260000 - 0x00007ffecc269000 	C:\WINDOWS\SYSTEM32\WSOCK32.dll
0x00007ffed16a0000 - 0x00007ffed1711000 	C:\WINDOWS\System32\ws2_32.DLL
0x00007ffece3f0000 - 0x00007ffece408000 	C:\WINDOWS\SYSTEM32\kernel.appcore.dll
0x00007ffecbca0000 - 0x00007ffecbcb0000 	C:\Program Files\Android\Android Studio\jbr\bin\verify.dll
0x00007ffeccf70000 - 0x00007ffecd19e000 	C:\WINDOWS\SYSTEM32\DBGHELP.DLL
0x00007ffed0110000 - 0x00007ffed049a000 	C:\WINDOWS\System32\combase.dll
0x00007ffed0ce0000 - 0x00007ffed0db7000 	C:\WINDOWS\System32\OLEAUT32.dll
0x00007ffebe720000 - 0x00007ffebe752000 	C:\WINDOWS\SYSTEM32\dbgcore.DLL
0x00007ffecfb10000 - 0x00007ffecfb8a000 	C:\WINDOWS\System32\bcryptPrimitives.dll
0x00007ffec07c0000 - 0x00007ffec07e8000 	C:\Program Files\Android\Android Studio\jbr\bin\java.dll
0x00007ffecaa80000 - 0x00007ffecaa8a000 	C:\Program Files\Android\Android Studio\jbr\bin\jimage.dll
0x00007ffec76c0000 - 0x00007ffec76d8000 	C:\Program Files\Android\Android Studio\jbr\bin\zip.dll
0x00007ffed04b0000 - 0x00007ffed0cd3000 	C:\WINDOWS\System32\SHELL32.dll
0x00007ffecd300000 - 0x00007ffecdbea000 	C:\WINDOWS\SYSTEM32\windows.storage.dll
0x00007ffecd1c0000 - 0x00007ffecd2fe000 	C:\WINDOWS\SYSTEM32\wintypes.dll
0x00007ffed1730000 - 0x00007ffed1823000 	C:\WINDOWS\System32\SHCORE.dll
0x00007ffed1ee0000 - 0x00007ffed1f3e000 	C:\WINDOWS\System32\shlwapi.dll
0x00007ffecf2f0000 - 0x00007ffecf316000 	C:\WINDOWS\SYSTEM32\profapi.dll
0x00007ffec6a30000 - 0x00007ffec6a49000 	C:\Program Files\Android\Android Studio\jbr\bin\net.dll
0x00007ffec7cd0000 - 0x00007ffec7e07000 	C:\WINDOWS\SYSTEM32\WINHTTP.dll
0x00007ffece890000 - 0x00007ffece8f9000 	C:\WINDOWS\system32\mswsock.dll
0x00007ffec0760000 - 0x00007ffec0773000 	C:\Program Files\Android\Android Studio\jbr\bin\nio.dll
0x00007ffebd290000 - 0x00007ffebd2b6000 	C:\Users\mdman\.gradle\native\31\windows-amd64\native-platform.dll
0x00007ffec7b90000 - 0x00007ffec7b9a000 	C:\Program Files\Android\Android Studio\jbr\bin\management.dll
0x00007ffec5720000 - 0x00007ffec572b000 	C:\Program Files\Android\Android Studio\jbr\bin\management_ext.dll
0x00007ffeceaf0000 - 0x00007ffeceb0b000 	C:\WINDOWS\SYSTEM32\CRYPTSP.dll
0x00007ffece360000 - 0x00007ffece395000 	C:\WINDOWS\system32\rsaenh.dll
0x00007ffece980000 - 0x00007ffece9ac000 	C:\WINDOWS\SYSTEM32\USERENV.dll
0x00007ffececa0000 - 0x00007ffececc8000 	C:\WINDOWS\SYSTEM32\bcrypt.dll
0x00007ffeceae0000 - 0x00007ffeceaec000 	C:\WINDOWS\SYSTEM32\CRYPTBASE.dll
0x00007ffecde90000 - 0x00007ffecdebd000 	C:\WINDOWS\SYSTEM32\IPHLPAPI.DLL
0x00007ffed1720000 - 0x00007ffed1729000 	C:\WINDOWS\System32\NSI.dll
0x00007ffec7ac0000 - 0x00007ffec7ad9000 	C:\WINDOWS\SYSTEM32\dhcpcsvc6.DLL
0x00007ffec7aa0000 - 0x00007ffec7abf000 	C:\WINDOWS\SYSTEM32\dhcpcsvc.DLL
0x00007ffecdf10000 - 0x00007ffece002000 	C:\WINDOWS\SYSTEM32\DNSAPI.dll

dbghelp: loaded successfully - version: 4.0.5 - missing functions: none
symbol engine: initialized successfully - sym options: 0x614 - pdb path: .;C:\Program Files\Android\Android Studio\jbr\bin;C:\WINDOWS\SYSTEM32;C:\WINDOWS\WinSxS\amd64_microsoft.windows.common-controls_6595b64144ccf1df_6.0.22621.2215_none_270d72677387dfc3;C:\Program Files\Android\Android Studio\jbr\bin\server;C:\Users\mdman\.gradle\native\31\windows-amd64

VM Arguments:
jvm_args: --add-opens=java.base/java.util=ALL-UNNAMED --add-opens=java.base/java.lang=ALL-UNNAMED --add-opens=java.base/java.lang.invoke=ALL-UNNAMED --add-opens=java.prefs/java.util.prefs=ALL-UNNAMED -Xmx1536m -Dfile.encoding=windows-1252 -Duser.country=IN -Duser.language=en -Duser.variant 
java_command: org.gradle.launcher.daemon.bootstrap.GradleDaemon 6.1.1
java_class_path (initial): C:\Users\mdman\.gradle\wrapper\dists\gradle-6.1.1-all\cfmwm155h49vnt3hynmlrsdst\gradle-6.1.1\lib\gradle-launcher-6.1.1.jar
Launcher Type: SUN_STANDARD

[Global flags]
     intx CICompilerCount                          = 4                                         {product} {ergonomic}
     uint ConcGCThreads                            = 3                                         {product} {ergonomic}
     uint G1ConcRefinementThreads                  = 10                                        {product} {ergonomic}
   size_t G1HeapRegionSize                         = 1048576                                   {product} {ergonomic}
    uintx GCDrainStackTargetSize                   = 64                                        {product} {ergonomic}
   size_t InitialHeapSize                          = 98566144                                  {product} {ergonomic}
   size_t MarkStackSize                            = 4194304                                   {product} {ergonomic}
   size_t MaxHeapSize                              = 1610612736                                {product} {command line}
   size_t MaxNewSize                               = 965738496                                 {product} {ergonomic}
   size_t MinHeapDeltaBytes                        = 1048576                                   {product} {ergonomic}
    uintx NonNMethodCodeHeapSize                   = 5836300                                {pd product} {ergonomic}
    uintx NonProfiledCodeHeapSize                  = 122910970                              {pd product} {ergonomic}
    uintx ProfiledCodeHeapSize                     = 122910970                              {pd product} {ergonomic}
    uintx ReservedCodeCacheSize                    = 251658240                              {pd product} {ergonomic}
     bool SegmentedCodeCache                       = true                                      {product} {ergonomic}
     bool UseCompressedClassPointers               = true                                 {lp64_product} {ergonomic}
     bool UseCompressedOops                        = true                                 {lp64_product} {ergonomic}
     bool UseG1GC                                  = true                                      {product} {ergonomic}
     bool UseLargePagesIndividualAllocation        = false                                  {pd product} {ergonomic}

Logging:
Log output configuration:
 #0: stdout all=warning uptime,level,tags
 #1: stderr all=off uptime,level,tags

Environment Variables:
PATH=D:\oracle\product\10.2.0\db_1\bin;C:\Program Files\Common Files\Oracle\Java\javapath;C:\WINDOWS\system32;C:\WINDOWS;C:\WINDOWS\System32\Wbem;C:\WINDOWS\System32\WindowsPowerShell\v1.0\;C:\WINDOWS\System32\OpenSSH\;C:\MinGW\bin;C:\Users\mdman\AppData\Local\Microsoft\WindowsApps;;C:\Users\mdman\AppData\Local\Programs\Microsoft VS Code\bin;C:\Program Files\JetBrains\IntelliJ IDEA Community Edition 2023.2\bin;;C:\Program Files\JetBrains\PyCharm Community Edition 2023.2.1\bin;
USERNAME=mdman
OS=Windows_NT
PROCESSOR_IDENTIFIER=AMD64 Family 23 Model 104 Stepping 1, AuthenticAMD



---------------  S Y S T E M  ---------------

OS: Windows 11 , 64 bit Build 22621 (10.0.22621.2215)
OS uptime: 9 days 12:54 hours
Hyper-V role detected

CPU:total 12 (initial active 12) (12 cores per cpu, 2 threads per core) family 23 model 104 stepping 1 microcode 0x0, cmov, cx8, fxsr, mmx, sse, sse2, sse3, ssse3, sse4.1, sse4.2, popcnt, avx, avx2, aes, clmul, mmxext, 3dnowpref, lzcnt, sse4a, ht, tsc, tscinvbit, tscinv, bmi1, bmi2, adx, sha, fma

Memory: 4k page, system-wide physical 6005M (230M free)
TotalPageFile size 24437M (AvailPageFile size 0M)
current process WorkingSet (physical memory assigned to process): 157M, peak: 157M
current process commit charge ("private bytes"): 220M, peak: 221M

vm_info: OpenJDK 64-Bit Server VM (11.0.15+0-b2043.56-9505619) for windows-amd64 JRE (11.0.15+0-b2043.56-9505619), built on Jan 19 2023 02:48:00 by "builduser" with unknown MS VC++:1929

END.
